<?xml version="1.0" encoding="UTF-8"?>
<!-- Generated by org.testng.reporters.JUnitXMLReporter -->
<testsuite ignored="10" hostname="Surfaxx" failures="1" tests="1" name="Default test(failed)(failed)" time="5.746" errors="0" timestamp="2023-01-19T18:17:00 IST">
  <testcase classname="tickertapeFW.loginFunctionality" name="signinTest" time="1.51">
    <failure type="org.openqa.selenium.NoSuchElementException" message="no such element: Unable to locate element: {&amp;quot;method&amp;quot;:&amp;quot;xpath&amp;quot;,&amp;quot;selector&amp;quot;:&amp;quot;//*[@alt=&amp;quot;Email Logo&amp;quot;]&amp;quot;}
  (Session info: chrome=109.0.5414.75)
For documentation on this error, please visit: https://selenium.dev/exceptions/#no_such_element
Build info: version: &amp;apos;4.7.2&amp;apos;, revision: &amp;apos;4d4020c3b7&amp;apos;
System info: os.name: &amp;apos;Windows 11&amp;apos;, os.arch: &amp;apos;amd64&amp;apos;, os.version: &amp;apos;10.0&amp;apos;, java.version: &amp;apos;17.0.4.1&amp;apos;
Driver info: org.openqa.selenium.chrome.ChromeDriver
Command: [0ef7ccd9aa530e809c4fb817adb83ecf, findElement {using=xpath, value=//*[@alt=&amp;quot;Email Logo&amp;quot;]}]
Capabilities {acceptInsecureCerts: false, browserName: chrome, browserVersion: 109.0.5414.75, chrome: {chromedriverVersion: 109.0.5414.74 (e7c5703604da..., userDataDir: C:\Users\bhaye\AppData\Loca...}, goog:chromeOptions: {debuggerAddress: localhost:49682}, networkConnectionEnabled: false, pageLoadStrategy: normal, platformName: WINDOWS, proxy: Proxy(), se:cdp: ws://localhost:49682/devtoo..., se:cdpVersion: 109.0.5414.75, setWindowRect: true, strictFileInteractability: false, timeouts: {implicit: 0, pageLoad: 300000, script: 30000}, unhandledPromptBehavior: dismiss and notify, webauthn:extension:credBlob: true, webauthn:extension:largeBlob: true, webauthn:virtualAuthenticators: true}
Session ID: 0ef7ccd9aa530e809c4fb817adb83ecf">
      <![CDATA[org.openqa.selenium.NoSuchElementException: no such element: Unable to locate element: {"method":"xpath","selector":"//*[@alt="Email Logo"]"}
  (Session info: chrome=109.0.5414.75)
For documentation on this error, please visit: https://selenium.dev/exceptions/#no_such_element
Build info: version: '4.7.2', revision: '4d4020c3b7'
System info: os.name: 'Windows 11', os.arch: 'amd64', os.version: '10.0', java.version: '17.0.4.1'
Driver info: org.openqa.selenium.chrome.ChromeDriver
Command: [0ef7ccd9aa530e809c4fb817adb83ecf, findElement {using=xpath, value=//*[@alt="Email Logo"]}]
Capabilities {acceptInsecureCerts: false, browserName: chrome, browserVersion: 109.0.5414.75, chrome: {chromedriverVersion: 109.0.5414.74 (e7c5703604da..., userDataDir: C:\Users\bhaye\AppData\Loca...}, goog:chromeOptions: {debuggerAddress: localhost:49682}, networkConnectionEnabled: false, pageLoadStrategy: normal, platformName: WINDOWS, proxy: Proxy(), se:cdp: ws://localhost:49682/devtoo..., se:cdpVersion: 109.0.5414.75, setWindowRect: true, strictFileInteractability: false, timeouts: {implicit: 0, pageLoad: 300000, script: 30000}, unhandledPromptBehavior: dismiss and notify, webauthn:extension:credBlob: true, webauthn:extension:largeBlob: true, webauthn:virtualAuthenticators: true}
Session ID: 0ef7ccd9aa530e809c4fb817adb83ecf
at org.openqa.selenium.remote.codec.w3c.W3CHttpResponseCodec.createException(W3CHttpResponseCodec.java:200)
at org.openqa.selenium.remote.codec.w3c.W3CHttpResponseCodec.decode(W3CHttpResponseCodec.java:133)
at org.openqa.selenium.remote.codec.w3c.W3CHttpResponseCodec.decode(W3CHttpResponseCodec.java:53)
at org.openqa.selenium.remote.HttpCommandExecutor.execute(HttpCommandExecutor.java:184)
at org.openqa.selenium.remote.service.DriverCommandExecutor.invokeExecute(DriverCommandExecutor.java:167)
at org.openqa.selenium.remote.service.DriverCommandExecutor.execute(DriverCommandExecutor.java:142)
at org.openqa.selenium.remote.RemoteWebDriver.execute(RemoteWebDriver.java:535)
at org.openqa.selenium.remote.ElementLocation$ElementFinder$2.findElement(ElementLocation.java:162)
at org.openqa.selenium.remote.ElementLocation.findElement(ElementLocation.java:60)
at org.openqa.selenium.remote.RemoteWebDriver.findElement(RemoteWebDriver.java:351)
at org.openqa.selenium.remote.RemoteWebDriver.findElement(RemoteWebDriver.java:343)
at tickertapeFW.loginFunctionality.signinTest(loginFunctionality.java:103)
at java.base/java.util.ArrayList.forEach(ArrayList.java:1511)
... Removed 32 stack frames]]>
    </failure>
  </testcase> <!-- signinTest -->
  <testcase classname="tickertapeFW.loginFunctionality" name="googleSigninTest" time="0.0">
    <ignored/>
  </testcase> <!-- googleSigninTest -->
  <testcase classname="tickertapeFW.loginFunctionality" name="emptyInputTest" time="0.0">
    <ignored/>
  </testcase> <!-- emptyInputTest -->
  <testcase classname="tickertapeFW.loginFunctionality" name="emailSigninTest" time="0.0">
    <ignored/>
  </testcase> <!-- emailSigninTest -->
  <testcase classname="tickertapeFW.loginFunctionality" name="loginButtonTest" time="0.0">
    <ignored/>
  </testcase> <!-- loginButtonTest -->
  <testcase classname="tickertapeFW.loginFunctionality" name="appleSigninTest" time="0.0">
    <ignored/>
  </testcase> <!-- appleSigninTest -->
  <testcase classname="tickertapeFW.loginFunctionality" name="loginHoverTest" time="0.0">
    <ignored/>
  </testcase> <!-- loginHoverTest -->
  <testcase classname="tickertapeFW.loginFunctionality" name="urlTest" time="0.0">
    <ignored/>
  </testcase> <!-- urlTest -->
  <testcase classname="tickertapeFW.loginFunctionality" name="validInputTest" time="0.0">
    <ignored/>
  </testcase> <!-- validInputTest -->
  <testcase classname="tickertapeFW.loginFunctionality" name="fbSigninTest" time="0.0">
    <ignored/>
  </testcase> <!-- fbSigninTest -->
  <testcase classname="tickertapeFW.loginFunctionality" name="invalidInputTest" time="0.0">
    <ignored/>
  </testcase> <!-- invalidInputTest -->
</testsuite> <!-- Default test(failed)(failed) -->
