<?xml version="1.0" encoding="UTF-8"?>
<!-- Generated by org.testng.reporters.JUnitXMLReporter -->
<testsuite ignored="0" hostname="Surfaxx" failures="1" tests="37" name="rickertapeFW" time="200.56" errors="0" timestamp="2023-01-22T17:41:05 IST">
  <testcase classname="tickertapeFW.landingPage" name="pageTitleTest" time="0.021"/>
  <testcase classname="tickertapeFW.loginFunctionality" name="urlTest" time="0.018"/>
  <testcase classname="tickertapeFW.loginFunctionality" name="loginHoverTest" time="1.457"/>
  <testcase classname="tickertapeFW.landingPage" name="validatePagelogoTest" time="0.35"/>
  <testcase classname="tickertapeFW.loginFunctionality" name="loginButtonTest" time="1.453"/>
  <testcase classname="tickertapeFW.landingPage" name="validateLogoArrowTest" time="0.131"/>
  <testcase classname="tickertapeFW.landingPage" name="ValidateArrowClickTest" time="0.34"/>
  <testcase classname="tickertapeFW.loginFunctionality" name="appleSigninTest" time="1.123"/>
  <testcase classname="tickertapeFW.loginFunctionality" name="emailSigninTest" time="2.192"/>
  <testcase classname="tickertapeFW.loginFunctionality" name="fbSigninTest" time="2.144"/>
  <testcase classname="tickertapeFW.loginFunctionality" name="googleSigninTest" time="1.099"/>
  <testcase classname="tickertapeFW.landingPage" name="logoHoverTest" time="0.297"/>
  <testcase classname="tickertapeFW.loginFunctionality" name="signinTest" time="2.821"/>
  <testcase classname="tickertapeFW.landingPage" name="LogoClickTest" time="0.407"/>
  <testcase classname="tickertapeFW.loginFunctionality" name="emptyInputTest" time="3.017"/>
  <testcase classname="tickertapeFW.loginFunctionality" name="invalidInputTest" time="1.726"/>
  <testcase classname="tickertapeFW.landingPage" name="backToHomeArrowTest" time="0.645"/>
  <testcase classname="tickertapeFW.loginFunctionality" name="validInputTest" time="3.072"/>
  <testcase classname="tickertapeFW.landingPage" name="backToHomeTextdisplayTest" time="5.816">
    <failure type="org.openqa.selenium.TimeoutException" message="Expected condition failed: waiting for visibility of all elements located by By.xpath: //span[text()=&amp;quot;Back to home&amp;quot;] (tried for 5 second(s) with 500 milliseconds interval)
Build info: version: &amp;apos;4.7.2&amp;apos;, revision: &amp;apos;4d4020c3b7&amp;apos;
System info: os.name: &amp;apos;Windows 11&amp;apos;, os.arch: &amp;apos;amd64&amp;apos;, os.version: &amp;apos;10.0&amp;apos;, java.version: &amp;apos;17.0.4.1&amp;apos;
Driver info: org.openqa.selenium.chrome.ChromeDriver
Capabilities {acceptInsecureCerts: false, browserName: chrome, browserVersion: 109.0.5414.75, chrome: {chromedriverVersion: 109.0.5414.74 (e7c5703604da..., userDataDir: C:\Users\bhaye\AppData\Loca...}, goog:chromeOptions: {debuggerAddress: localhost:60568}, networkConnectionEnabled: false, pageLoadStrategy: normal, platformName: WINDOWS, proxy: Proxy(), se:cdp: ws://localhost:60568/devtoo..., se:cdpVersion: 109.0.5414.75, setWindowRect: true, strictFileInteractability: false, timeouts: {implicit: 0, pageLoad: 300000, script: 30000}, unhandledPromptBehavior: dismiss and notify, webauthn:extension:credBlob: true, webauthn:extension:largeBlob: true, webauthn:virtualAuthenticators: true}
Session ID: a0ab84d45b518c0e259b63d864e5d24d">
      <![CDATA[org.openqa.selenium.TimeoutException: Expected condition failed: waiting for visibility of all elements located by By.xpath: //span[text()="Back to home"] (tried for 5 second(s) with 500 milliseconds interval)
Build info: version: '4.7.2', revision: '4d4020c3b7'
System info: os.name: 'Windows 11', os.arch: 'amd64', os.version: '10.0', java.version: '17.0.4.1'
Driver info: org.openqa.selenium.chrome.ChromeDriver
Capabilities {acceptInsecureCerts: false, browserName: chrome, browserVersion: 109.0.5414.75, chrome: {chromedriverVersion: 109.0.5414.74 (e7c5703604da..., userDataDir: C:\Users\bhaye\AppData\Loca...}, goog:chromeOptions: {debuggerAddress: localhost:60568}, networkConnectionEnabled: false, pageLoadStrategy: normal, platformName: WINDOWS, proxy: Proxy(), se:cdp: ws://localhost:60568/devtoo..., se:cdpVersion: 109.0.5414.75, setWindowRect: true, strictFileInteractability: false, timeouts: {implicit: 0, pageLoad: 300000, script: 30000}, unhandledPromptBehavior: dismiss and notify, webauthn:extension:credBlob: true, webauthn:extension:largeBlob: true, webauthn:virtualAuthenticators: true}
Session ID: a0ab84d45b518c0e259b63d864e5d24d
at org.openqa.selenium.support.ui.WebDriverWait.timeoutException(WebDriverWait.java:87)
at org.openqa.selenium.support.ui.FluentWait.until(FluentWait.java:231)
at tickertapeFW.common.isDisplayed(common.java:28)
at tickertapeFW.landingPage.backToHomeTextdisplayTest(landingPage.java:69)
at java.base/java.util.ArrayList.forEach(ArrayList.java:1511)
at java.base/java.util.concurrent.FutureTask.run(FutureTask.java:264)
at java.base/java.util.concurrent.ThreadPoolExecutor.runWorker(ThreadPoolExecutor.java:1136)
at java.base/java.util.concurrent.ThreadPoolExecutor$Worker.run(ThreadPoolExecutor.java:635)
at java.base/java.lang.Thread.run(Thread.java:833)
... Removed 18 stack frames]]>
    </failure>
  </testcase> <!-- backToHomeTextdisplayTest -->
  <testcase classname="tickertapeFW.landingPage" name="SearchBoxDisplayTest" time="0.097"/>
  <testcase classname="tickertapeFW.landingPage" name="searchBoxFunctionalityTest" time="0.278"/>
  <testcase classname="tickertapeFW.landingPage" name="socialTabVisibilityTest" time="0.115"/>
  <testcase classname="tickertapeFW.landingPage" name="socialIconVisibilityTest" time="0.091"/>
  <testcase classname="tickertapeFW.landingPage" name="SocialTabClickTest" time="8.258"/>
  <testcase classname="tickertapeFW.landingPage" name="socialIconClickTest" time="8.255"/>
  <testcase classname="tickertapeFW.landingPage" name="logInTabDisplayTest" time="0.118"/>
  <testcase classname="tickertapeFW.landingPage" name="loginIconVisibilityTest" time="0.104"/>
  <testcase classname="tickertapeFW.landingPage" name="loginIconClickTest" time="0.29"/>
  <testcase classname="tickertapeFW.landingPage" name="loginIconHoverTest" time="0.907"/>
  <testcase classname="tickertapeFW.landingPage" name="logInTabClickTest" time="0.297"/>
  <testcase classname="tickertapeFW.landingPage" name="loginTabHoverTest" time="0.796"/>
  <testcase classname="tickertapeFW.landingPage" name="loginArrowVisibilityTest" time="0.243"/>
  <testcase classname="tickertapeFW.landingPage" name="loginArrowClickTest" time="0.545"/>
  <testcase classname="tickertapeFW.landingPage" name="loginArrowHoverTest" time="0.29"/>
  <testcase classname="tickertapeFW.landingPage" name="loginButtonClickTest" time="2.403"/>
  <testcase classname="tickertapeFW.landingPage" name="portfolioVisibilityTest" time="0.6"/>
  <testcase classname="tickertapeFW.landingPage" name="portfolioclickTest" time="8.483"/>
</testsuite> <!-- rickertapeFW -->
