<?xml version="1.0" encoding="UTF-8"?>
<!-- Generated by org.testng.reporters.JUnitXMLReporter -->
<testsuite ignored="0" hostname="Surfaxx" failures="1" tests="27" name="tickertapeFW" time="157.57" errors="0" timestamp="2023-01-23T20:57:24 IST">
  <testcase classname="tickertapeFW.stockSearch" name="@BeforeMethod setup" time="0.001">
    <failure type="org.openqa.selenium.NoSuchSessionException" message="Session ID is null. Using WebDriver after calling quit()?
Build info: version: &amp;apos;4.7.2&amp;apos;, revision: &amp;apos;4d4020c3b7&amp;apos;
System info: os.name: &amp;apos;Windows 11&amp;apos;, os.arch: &amp;apos;amd64&amp;apos;, os.version: &amp;apos;10.0&amp;apos;, java.version: &amp;apos;17.0.4.1&amp;apos;
Driver info: org.openqa.selenium.chrome.ChromeDriver
Command: [null, maximizeCurrentWindow {}]
Capabilities {acceptInsecureCerts: false, browserName: chrome, browserVersion: 109.0.5414.75, chrome: {chromedriverVersion: 109.0.5414.74 (e7c5703604da..., userDataDir: C:\Users\bhaye\AppData\Loca...}, goog:chromeOptions: {debuggerAddress: localhost:50129}, networkConnectionEnabled: false, pageLoadStrategy: normal, platformName: WINDOWS, proxy: Proxy(), se:cdp: ws://localhost:50129/devtoo..., se:cdpVersion: 109.0.5414.75, setWindowRect: true, strictFileInteractability: false, timeouts: {implicit: 0, pageLoad: 300000, script: 30000}, unhandledPromptBehavior: dismiss and notify, webauthn:extension:credBlob: true, webauthn:extension:largeBlob: true, webauthn:virtualAuthenticators: true}">
      <![CDATA[org.openqa.selenium.NoSuchSessionException: Session ID is null. Using WebDriver after calling quit()?
Build info: version: '4.7.2', revision: '4d4020c3b7'
System info: os.name: 'Windows 11', os.arch: 'amd64', os.version: '10.0', java.version: '17.0.4.1'
Driver info: org.openqa.selenium.chrome.ChromeDriver
Command: [null, maximizeCurrentWindow {}]
Capabilities {acceptInsecureCerts: false, browserName: chrome, browserVersion: 109.0.5414.75, chrome: {chromedriverVersion: 109.0.5414.74 (e7c5703604da..., userDataDir: C:\Users\bhaye\AppData\Loca...}, goog:chromeOptions: {debuggerAddress: localhost:50129}, networkConnectionEnabled: false, pageLoadStrategy: normal, platformName: WINDOWS, proxy: Proxy(), se:cdp: ws://localhost:50129/devtoo..., se:cdpVersion: 109.0.5414.75, setWindowRect: true, strictFileInteractability: false, timeouts: {implicit: 0, pageLoad: 300000, script: 30000}, unhandledPromptBehavior: dismiss and notify, webauthn:extension:credBlob: true, webauthn:extension:largeBlob: true, webauthn:virtualAuthenticators: true}
at org.openqa.selenium.remote.HttpCommandExecutor.execute(HttpCommandExecutor.java:145)
at org.openqa.selenium.remote.service.DriverCommandExecutor.invokeExecute(DriverCommandExecutor.java:167)
at org.openqa.selenium.remote.service.DriverCommandExecutor.execute(DriverCommandExecutor.java:142)
at org.openqa.selenium.remote.RemoteWebDriver.execute(RemoteWebDriver.java:535)
at org.openqa.selenium.remote.RemoteWebDriver.execute(RemoteWebDriver.java:590)
at org.openqa.selenium.remote.RemoteWebDriver.execute(RemoteWebDriver.java:594)
at org.openqa.selenium.remote.RemoteWebDriver$RemoteWebDriverOptions$RemoteWindow.maximize(RemoteWebDriver.java:946)
at tickertapeFW.stockSearch.setup(stockSearch.java:17)
at java.base/java.util.ArrayList.forEach(ArrayList.java:1511)
at java.base/java.util.concurrent.FutureTask.run(FutureTask.java:264)
at java.base/java.util.concurrent.ThreadPoolExecutor.runWorker(ThreadPoolExecutor.java:1136)
at java.base/java.util.concurrent.ThreadPoolExecutor$Worker.run(ThreadPoolExecutor.java:635)
at java.base/java.lang.Thread.run(Thread.java:833)
... Removed 22 stack frames]]>
    </failure>
  </testcase> <!-- @BeforeMethod setup -->
  <testcase classname="tickertapeFW.stockSearch" name="@AfterMethod close" time="-1.674487545912E9">
    <skipped/>
  </testcase> <!-- @AfterMethod close -->
  <testcase classname="tickertapeFW.stockSearch" name="@BeforeMethod setup" time="-1.674487569674E9">
    <skipped/>
  </testcase> <!-- @BeforeMethod setup -->
  <testcase classname="tickertapeFW.stockSearch" name="@AfterMethod close" time="-1.674487569679E9">
    <skipped/>
  </testcase> <!-- @AfterMethod close -->
  <testcase classname="tickertapeFW.portfolio" name="VerifySearchButtonAccessible" time="5.205"/>
  <testcase classname="tickertapeFW.portfolio" name="VerifySearchStocksButtonPresent" time="0.112">
    <failure type="org.openqa.selenium.NoSuchElementException" message="no such element: Unable to locate element: {&amp;quot;method&amp;quot;:&amp;quot;xpath&amp;quot;,&amp;quot;selector&amp;quot;:&amp;quot;//button[@class=&amp;quot;jsx-2679829868 jsx-2491292752 regular primary button-root&amp;quot;]&amp;quot;}
  (Session info: chrome=109.0.5414.75)
For documentation on this error, please visit: https://selenium.dev/exceptions/#no_such_element
Build info: version: &amp;apos;4.7.2&amp;apos;, revision: &amp;apos;4d4020c3b7&amp;apos;
System info: os.name: &amp;apos;Windows 11&amp;apos;, os.arch: &amp;apos;amd64&amp;apos;, os.version: &amp;apos;10.0&amp;apos;, java.version: &amp;apos;17.0.4.1&amp;apos;
Driver info: org.openqa.selenium.chrome.ChromeDriver
Command: [35431805e9302343b53ef41c1edf469f, findElement {using=xpath, value=//button[@class=&amp;quot;jsx-2679829868 jsx-2491292752 regular primary button-root&amp;quot;]}]
Capabilities {acceptInsecureCerts: false, browserName: chrome, browserVersion: 109.0.5414.75, chrome: {chromedriverVersion: 109.0.5414.74 (e7c5703604da..., userDataDir: C:\Users\bhaye\AppData\Loca...}, goog:chromeOptions: {debuggerAddress: localhost:49914}, networkConnectionEnabled: false, pageLoadStrategy: normal, platformName: WINDOWS, proxy: Proxy(), se:cdp: ws://localhost:49914/devtoo..., se:cdpVersion: 109.0.5414.75, setWindowRect: true, strictFileInteractability: false, timeouts: {implicit: 0, pageLoad: 300000, script: 30000}, unhandledPromptBehavior: dismiss and notify, webauthn:extension:credBlob: true, webauthn:extension:largeBlob: true, webauthn:virtualAuthenticators: true}
Session ID: 35431805e9302343b53ef41c1edf469f">
      <![CDATA[org.openqa.selenium.NoSuchElementException: no such element: Unable to locate element: {"method":"xpath","selector":"//button[@class="jsx-2679829868 jsx-2491292752 regular primary button-root"]"}
  (Session info: chrome=109.0.5414.75)
For documentation on this error, please visit: https://selenium.dev/exceptions/#no_such_element
Build info: version: '4.7.2', revision: '4d4020c3b7'
System info: os.name: 'Windows 11', os.arch: 'amd64', os.version: '10.0', java.version: '17.0.4.1'
Driver info: org.openqa.selenium.chrome.ChromeDriver
Command: [35431805e9302343b53ef41c1edf469f, findElement {using=xpath, value=//button[@class="jsx-2679829868 jsx-2491292752 regular primary button-root"]}]
Capabilities {acceptInsecureCerts: false, browserName: chrome, browserVersion: 109.0.5414.75, chrome: {chromedriverVersion: 109.0.5414.74 (e7c5703604da..., userDataDir: C:\Users\bhaye\AppData\Loca...}, goog:chromeOptions: {debuggerAddress: localhost:49914}, networkConnectionEnabled: false, pageLoadStrategy: normal, platformName: WINDOWS, proxy: Proxy(), se:cdp: ws://localhost:49914/devtoo..., se:cdpVersion: 109.0.5414.75, setWindowRect: true, strictFileInteractability: false, timeouts: {implicit: 0, pageLoad: 300000, script: 30000}, unhandledPromptBehavior: dismiss and notify, webauthn:extension:credBlob: true, webauthn:extension:largeBlob: true, webauthn:virtualAuthenticators: true}
Session ID: 35431805e9302343b53ef41c1edf469f
at org.openqa.selenium.remote.codec.w3c.W3CHttpResponseCodec.createException(W3CHttpResponseCodec.java:200)
at org.openqa.selenium.remote.codec.w3c.W3CHttpResponseCodec.decode(W3CHttpResponseCodec.java:133)
at org.openqa.selenium.remote.codec.w3c.W3CHttpResponseCodec.decode(W3CHttpResponseCodec.java:53)
at org.openqa.selenium.remote.HttpCommandExecutor.execute(HttpCommandExecutor.java:184)
at org.openqa.selenium.remote.service.DriverCommandExecutor.invokeExecute(DriverCommandExecutor.java:167)
at org.openqa.selenium.remote.service.DriverCommandExecutor.execute(DriverCommandExecutor.java:142)
at org.openqa.selenium.remote.RemoteWebDriver.execute(RemoteWebDriver.java:535)
at org.openqa.selenium.remote.ElementLocation$ElementFinder$2.findElement(ElementLocation.java:162)
at org.openqa.selenium.remote.ElementLocation.findElement(ElementLocation.java:60)
at org.openqa.selenium.remote.RemoteWebDriver.findElement(RemoteWebDriver.java:351)
at org.openqa.selenium.remote.RemoteWebDriver.findElement(RemoteWebDriver.java:343)
at tickertapeFW.portfolio.VerifySearchStocksButtonPresent(portfolio.java:69)
at java.base/java.util.ArrayList.forEach(ArrayList.java:1511)
at java.base/java.util.concurrent.FutureTask.run(FutureTask.java:264)
at java.base/java.util.concurrent.ThreadPoolExecutor.runWorker(ThreadPoolExecutor.java:1136)
at java.base/java.util.concurrent.ThreadPoolExecutor$Worker.run(ThreadPoolExecutor.java:635)
at java.base/java.lang.Thread.run(Thread.java:833)
... Removed 23 stack frames]]>
    </failure>
  </testcase> <!-- VerifySearchStocksButtonPresent -->
  <testcase classname="tickertapeFW.logoutFunctionality" name="logoutTest" time="28.427"/>
  <testcase classname="tickertapeFW.mmi" name="urlTest" time="0.032"/>
  <testcase classname="tickertapeFW.stockDeals" name="urlTest" time="0.014"/>
  <testcase classname="tickertapeFW.watchlist" name="url_Test" time="0.013"/>
  <testcase classname="tickertapeFW.stockSearch" name="verify_dropdown_clickability" time="0.0">
    <skipped/>
  </testcase> <!-- verify_dropdown_clickability -->
  <testcase classname="tickertapeFW.mmi" name="helpButtonTest" time="0.373"/>
  <testcase classname="tickertapeFW.watchlist" name="loginHoverTest" time="2.414"/>
  <testcase classname="tickertapeFW.stockDeals" name="logoIconTest" time="0.103"/>
  <testcase classname="tickertapeFW.mmi" name="mmiLogoTest" time="0.111"/>
  <testcase classname="tickertapeFW.mmi" name="mmiTextTest" time="0.106"/>
  <testcase classname="tickertapeFW.stockSearch" name="verify_dropdown_editable" time="0.0">
    <skipped/>
  </testcase> <!-- verify_dropdown_editable -->
  <testcase classname="tickertapeFW.mmi" name="hover1Test" time="0.514"/>
  <testcase classname="tickertapeFW.mmi" name="hover2Test" time="0.557"/>
  <testcase classname="tickertapeFW.mmi" name="hover3Test" time="0.285"/>
  <testcase classname="tickertapeFW.mmi" name="hover5Test" time="0.31"/>
  <testcase classname="tickertapeFW.mmi" name="historyTest" time="0.314"/>
  <testcase classname="tickertapeFW.mmi" name="shareButtonTest" time="0.279"/>
  <testcase classname="tickertapeFW.loginFunctionality" name="emptyInputTest" time="2.87"/>
  <testcase classname="tickertapeFW.loginFunctionality" name="invalidInputTest" time="3.078"/>
  <testcase classname="tickertapeFW.loginFunctionality" name="validInputTest" time="3.738"/>
  <testcase classname="tickertapeFW.landingPage" name="backToHomeTextdisplayTest" time="1.421"/>
  <testcase classname="tickertapeFW.mfScreener" name="AddFillterFUniverseTabTest" time="1.73"/>
  <testcase classname="tickertapeFW.landingPage" name="SearchBoxDisplayTest" time="0.13"/>
  <testcase classname="tickertapeFW.mfScreener" name="CustomMFUniverseTabTest" time="1.514"/>
  <testcase classname="tickertapeFW.landingPage" name="searchBoxFunctionalityTest" time="0.26"/>
</testsuite> <!-- tickertapeFW -->
